Using pre-set license
Built from '2020.3/staging' branch; Version is '2020.3.9f1 (108be757e447) revision 1084391'; Using compiler version '192528614'; Build Type 'Release'
OS: 'Windows 10 Pro; OS build 19041.1052; Version 2004; 64bit' Language: 'ru' Physical Memory: 16185 MB
BatchMode: 1, IsHumanControllingUs: 0, StartBugReporterOnCrash: 0, Is64bit: 1, IsPro: 0

 COMMAND LINE ARGUMENTS:
C:\Program Files\Unity\Hub\Editor\2020.3.9f1\Editor\Unity.exe
-adb2
-batchMode
-noUpm
-name
AssetImportWorker0
-projectPath
E:/MyProjects/Unity/HelixJump
-logFile
Logs/AssetImportWorker0.log
-srvPort
57660
Successfully changed project path to: E:/MyProjects/Unity/HelixJump
E:/MyProjects/Unity/HelixJump
Using Asset Import Pipeline V2.
Refreshing native plugins compatible for Editor in 27.88 ms, found 0 plugins.
Preloading 0 native plugins for Editor in 0.00 ms.
Initialize engine version: 2020.3.9f1 (108be757e447)
[Subsystems] Discovering subsystems at path C:/Program Files/Unity/Hub/Editor/2020.3.9f1/Editor/Data/Resources/UnitySubsystems
[Subsystems] Discovering subsystems at path E:/MyProjects/Unity/HelixJump/Assets
GfxDevice: creating device client; threaded=0
Direct3D:
    Version:  Direct3D 11.0 [level 11.1]
    Renderer: NVIDIA GeForce GTX 1650 (ID=0x1f99)
    Vendor:   
    VRAM:     3962 MB
    Driver:   27.21.14.6647
Initialize mono
Mono path[0] = 'C:/Program Files/Unity/Hub/Editor/2020.3.9f1/Editor/Data/Managed'
Mono path[1] = 'C:/Program Files/Unity/Hub/Editor/2020.3.9f1/Editor/Data/MonoBleedingEdge/lib/mono/unityjit'
Mono config path = 'C:/Program Files/Unity/Hub/Editor/2020.3.9f1/Editor/Data/MonoBleedingEdge/etc'
Using monoOptions --debugger-agent=transport=dt_socket,embedding=1,server=y,suspend=n,address=127.0.0.1:56888
Begin MonoManager ReloadAssembly
Registering precompiled unity dll's ...
Register platform support module: C:/Program Files/Unity/Hub/Editor/2020.3.9f1/Editor/Data/PlaybackEngines/WebGLSupport/UnityEditor.WebGL.Extensions.dll
Register platform support module: C:/Program Files/Unity/Hub/Editor/2020.3.9f1/Editor/Data/PlaybackEngines/WindowsStandaloneSupport/UnityEditor.WindowsStandalone.Extensions.dll
Registered in 0.003013 seconds.
Native extension for WindowsStandalone target not found
Native extension for WebGL target not found
Refreshing native plugins compatible for Editor in 30.34 ms, found 0 plugins.
Preloading 0 native plugins for Editor in 0.00 ms.
Mono: successfully reloaded assembly
- Completed reload, in  2.956 seconds
Platform modules already initialized, skipping
Registering precompiled user dll's ...
Registered in 0.000516 seconds.
Begin MonoManager ReloadAssembly
Native extension for WindowsStandalone target not found
Native extension for WebGL target not found
Refreshing native plugins compatible for Editor in 0.19 ms, found 0 plugins.
Preloading 0 native plugins for Editor in 0.00 ms.
Mono: successfully reloaded assembly
- Completed reload, in  1.459 seconds
Platform modules already initialized, skipping
========================================================================
Worker process is ready to serve import requests
Launched and connected shader compiler UnityShaderCompiler.exe after 0.08 seconds
Refreshing native plugins compatible for Editor in 0.31 ms, found 0 plugins.
Preloading 0 native plugins for Editor in 0.00 ms.
Unloading 1126 Unused Serialized files (Serialized files now loaded: 0)
System memory in use before: 57.2 MB.
System memory in use after: 57.3 MB.

Unloading 9 unused Assets to reduce memory usage. Loaded Objects now: 1568.
Total: 10.736500 ms (FindLiveObjects: 0.170100 ms CreateObjectMapping: 0.051800 ms MarkObjects: 10.434100 ms  DeleteObjects: 0.078600 ms)

========================================================================
Received Import Request.
  path: Assets/Prefabs/Platforms/FinishPlatform.prefab
  artifactKey: Guid(4ce7d97a18986d04facb40acb80efd76) Importer(815301076,1909f56bfc062723c751e8b465ee728b)
Start importing Assets/Prefabs/Platforms/FinishPlatform.prefab using Guid(4ce7d97a18986d04facb40acb80efd76) Importer(815301076,1909f56bfc062723c751e8b465ee728b)  -> (artifact id: '1bb2cdde6db84d248d6b1f61c30e7983') in 0.335439 seconds
  Import took 0.341939 seconds .

========================================================================
Received Import Request.
  Time since last request: 0.000246 seconds.
  path: Assets/Prefabs/Platforms/Platform.prefab
  artifactKey: Guid(a5190450305c2944cb71ec54b772dc6c) Importer(815301076,1909f56bfc062723c751e8b465ee728b)
Start importing Assets/Prefabs/Platforms/Platform.prefab using Guid(a5190450305c2944cb71ec54b772dc6c) Importer(815301076,1909f56bfc062723c751e8b465ee728b)  -> (artifact id: '440a35333b9e37650bdfaab16c07c95a') in 0.011622 seconds
  Import took 0.014350 seconds .

========================================================================
Received Import Request.
  Time since last request: 0.000272 seconds.
  path: Assets/Prefabs/Platforms/StartPlatform.prefab
  artifactKey: Guid(b8d0e6a444c340f4e85a6fb26ec862cc) Importer(815301076,1909f56bfc062723c751e8b465ee728b)
Start importing Assets/Prefabs/Platforms/StartPlatform.prefab using Guid(b8d0e6a444c340f4e85a6fb26ec862cc) Importer(815301076,1909f56bfc062723c751e8b465ee728b)  -> (artifact id: 'c7222ffa6c988c0b72804c6e7a51a167') in 0.015127 seconds
  Import took 0.017259 seconds .

========================================================================
Received Import Request.
  Time since last request: 76.312482 seconds.
  path: Assets/Scenes
  artifactKey: Guid(5766b1c554b4a0f47ad4992c18e892e1) Importer(815301076,1909f56bfc062723c751e8b465ee728b)
Start importing Assets/Scenes using Guid(5766b1c554b4a0f47ad4992c18e892e1) Importer(815301076,1909f56bfc062723c751e8b465ee728b)  -> (artifact id: 'eca7006917eacd7206b49d85fa34d77f') in 0.002186 seconds
  Import took 0.003815 seconds .

========================================================================
Received Import Request.
  Time since last request: 0.010336 seconds.
  path: Assets/Scenes
  artifactKey: Guid(5766b1c554b4a0f47ad4992c18e892e1) Importer(815301076,1909f56bfc062723c751e8b465ee728b)
Start importing Assets/Scenes using Guid(5766b1c554b4a0f47ad4992c18e892e1) Importer(815301076,1909f56bfc062723c751e8b465ee728b)  -> (artifact id: 'eca7006917eacd7206b49d85fa34d77f') in 0.001155 seconds
  Import took 0.003027 seconds .

========================================================================
Received Import Request.
  Time since last request: 0.398859 seconds.
  path: Assets/Prefabs
  artifactKey: Guid(6b8d8e7b76445d043aa589ae14f6be69) Importer(815301076,1909f56bfc062723c751e8b465ee728b)
Start importing Assets/Prefabs using Guid(6b8d8e7b76445d043aa589ae14f6be69) Importer(815301076,1909f56bfc062723c751e8b465ee728b)  -> (artifact id: '9fe1f09fc30e864edfa46062c1a31aad') in 0.001294 seconds
  Import took 0.002939 seconds .

========================================================================
Received Import Request.
  Time since last request: 0.013444 seconds.
  path: Assets/Prefabs
  artifactKey: Guid(6b8d8e7b76445d043aa589ae14f6be69) Importer(815301076,1909f56bfc062723c751e8b465ee728b)
Start importing Assets/Prefabs using Guid(6b8d8e7b76445d043aa589ae14f6be69) Importer(815301076,1909f56bfc062723c751e8b465ee728b)  -> (artifact id: '9fe1f09fc30e864edfa46062c1a31aad') in 0.001113 seconds
  Import took 0.002958 seconds .

========================================================================
Received Import Request.
  Time since last request: 0.402208 seconds.
  path: Assets/Models
  artifactKey: Guid(0326851d3a435ad42a5d2bc9105fb8bc) Importer(815301076,1909f56bfc062723c751e8b465ee728b)
Start importing Assets/Models using Guid(0326851d3a435ad42a5d2bc9105fb8bc) Importer(815301076,1909f56bfc062723c751e8b465ee728b)  -> (artifact id: 'a3df1fd86d21746737410ce2059a5a80') in 0.001241 seconds
  Import took 0.002899 seconds .

========================================================================
Received Import Request.
  Time since last request: 0.013712 seconds.
  path: Assets/Models
  artifactKey: Guid(0326851d3a435ad42a5d2bc9105fb8bc) Importer(815301076,1909f56bfc062723c751e8b465ee728b)
Start importing Assets/Models using Guid(0326851d3a435ad42a5d2bc9105fb8bc) Importer(815301076,1909f56bfc062723c751e8b465ee728b)  -> (artifact id: 'a3df1fd86d21746737410ce2059a5a80') in 0.001118 seconds
  Import took 0.002952 seconds .

========================================================================
Received Import Request.
  Time since last request: 0.356830 seconds.
  path: Assets/Materials
  artifactKey: Guid(ce0a849f162a7a24aac12e130abd461b) Importer(815301076,1909f56bfc062723c751e8b465ee728b)
Start importing Assets/Materials using Guid(ce0a849f162a7a24aac12e130abd461b) Importer(815301076,1909f56bfc062723c751e8b465ee728b)  -> (artifact id: '0960e77b4d675f08f3307dbbd1f4294d') in 0.001201 seconds
  Import took 0.003168 seconds .

========================================================================
Received Import Request.
  Time since last request: 0.013249 seconds.
  path: Assets/Materials
  artifactKey: Guid(ce0a849f162a7a24aac12e130abd461b) Importer(815301076,1909f56bfc062723c751e8b465ee728b)
Start importing Assets/Materials using Guid(ce0a849f162a7a24aac12e130abd461b) Importer(815301076,1909f56bfc062723c751e8b465ee728b)  -> (artifact id: '0960e77b4d675f08f3307dbbd1f4294d') in 0.001226 seconds
  Import took 0.003040 seconds .

========================================================================
Received Import Request.
  Time since last request: 0.285944 seconds.
  path: Assets/Code
  artifactKey: Guid(c6c3ee0b4399baa479e0c3bb7d26b5f4) Importer(815301076,1909f56bfc062723c751e8b465ee728b)
Start importing Assets/Code using Guid(c6c3ee0b4399baa479e0c3bb7d26b5f4) Importer(815301076,1909f56bfc062723c751e8b465ee728b)  -> (artifact id: '56e6e5797181655fd9c09739ef32350e') in 0.001169 seconds
  Import took 0.002799 seconds .

========================================================================
Received Import Request.
  Time since last request: 0.013640 seconds.
  path: Assets/Code
  artifactKey: Guid(c6c3ee0b4399baa479e0c3bb7d26b5f4) Importer(815301076,1909f56bfc062723c751e8b465ee728b)
Start importing Assets/Code using Guid(c6c3ee0b4399baa479e0c3bb7d26b5f4) Importer(815301076,1909f56bfc062723c751e8b465ee728b)  -> (artifact id: '56e6e5797181655fd9c09739ef32350e') in 0.001134 seconds
  Import took 0.003032 seconds .

========================================================================
Received Import Request.
  Time since last request: 2.638476 seconds.
  path: Assets/Code/Tower
  artifactKey: Guid(bcf1fcec52b893146953a9336a4e652e) Importer(815301076,1909f56bfc062723c751e8b465ee728b)
Start importing Assets/Code/Tower using Guid(bcf1fcec52b893146953a9336a4e652e) Importer(815301076,1909f56bfc062723c751e8b465ee728b)  -> (artifact id: 'b578bc01e7a23dbe4f54b924d96e68af') in 0.001102 seconds
  Import took 0.002702 seconds .

========================================================================
Received Import Request.
  Time since last request: 0.013941 seconds.
  path: Assets/Code/Tower
  artifactKey: Guid(bcf1fcec52b893146953a9336a4e652e) Importer(815301076,1909f56bfc062723c751e8b465ee728b)
Start importing Assets/Code/Tower using Guid(bcf1fcec52b893146953a9336a4e652e) Importer(815301076,1909f56bfc062723c751e8b465ee728b)  -> (artifact id: 'b578bc01e7a23dbe4f54b924d96e68af') in 0.001401 seconds
  Import took 0.003856 seconds .

========================================================================
Received Import Request.
  Time since last request: 0.988975 seconds.
  path: Assets/Code/Tower/TowerRotate.cs
  artifactKey: Guid(7921c5fc329792d47a2e561bf9f39222) Importer(815301076,1909f56bfc062723c751e8b465ee728b)
Start importing Assets/Code/Tower/TowerRotate.cs using Guid(7921c5fc329792d47a2e561bf9f39222) Importer(815301076,1909f56bfc062723c751e8b465ee728b)  -> (artifact id: '48e5d118e48dfde07d55c8b9817895ff') in 0.008304 seconds
  Import took 0.009941 seconds .

========================================================================
Received Import Request.
  Time since last request: 0.000627 seconds.
  path: Assets/Code/Tower/TowerRotate.cs
  artifactKey: Guid(7921c5fc329792d47a2e561bf9f39222) Importer(815301076,1909f56bfc062723c751e8b465ee728b)
Start importing Assets/Code/Tower/TowerRotate.cs using Guid(7921c5fc329792d47a2e561bf9f39222) Importer(815301076,1909f56bfc062723c751e8b465ee728b)  -> (artifact id: '48e5d118e48dfde07d55c8b9817895ff') in 0.001084 seconds
  Import took 0.002863 seconds .

========================================================================
Received Import Request.
  Time since last request: 1.577016 seconds.
  path: Assets/Code/Tower/TowerBuilder.cs
  artifactKey: Guid(29d8c6f0a03774d42b2e948078d31740) Importer(815301076,1909f56bfc062723c751e8b465ee728b)
Start importing Assets/Code/Tower/TowerBuilder.cs using Guid(29d8c6f0a03774d42b2e948078d31740) Importer(815301076,1909f56bfc062723c751e8b465ee728b)  -> (artifact id: '4651da509f316f720b2fb9bf278ccd1e') in 0.001135 seconds
  Import took 0.002693 seconds .

========================================================================
Received Import Request.
  Time since last request: 0.027928 seconds.
  path: Assets/Code/Tower/TowerBuilder.cs
  artifactKey: Guid(29d8c6f0a03774d42b2e948078d31740) Importer(815301076,1909f56bfc062723c751e8b465ee728b)
Start importing Assets/Code/Tower/TowerBuilder.cs using Guid(29d8c6f0a03774d42b2e948078d31740) Importer(815301076,1909f56bfc062723c751e8b465ee728b)  -> (artifact id: '4651da509f316f720b2fb9bf278ccd1e') in 0.001498 seconds
  Import took 0.003541 seconds .

========================================================================
Received Prepare
Registering precompiled user dll's ...
Registered in 0.001194 seconds.
Begin MonoManager ReloadAssembly
Native extension for WindowsStandalone target not found
Native extension for WebGL target not found
Refreshing native plugins compatible for Editor in 0.18 ms, found 0 plugins.
Preloading 0 native plugins for Editor in 0.00 ms.
Mono: successfully reloaded assembly
- Completed reload, in  0.817 seconds
Platform modules already initialized, skipping
Switching build target platform(19) subTarget(0) extendedPlatform(0) -> platform(13) subTarget(537395200) extendedPlatform(0)
Refreshing native plugins compatible for Editor in 0.18 ms, found 0 plugins.
Preloading 0 native plugins for Editor in 0.00 ms.
Unloading 1123 Unused Serialized files (Serialized files now loaded: 0)
System memory in use before: 60.2 MB.
System memory in use after: 60.3 MB.

Unloading 4 unused Assets to reduce memory usage. Loaded Objects now: 1579.
Total: 1.380900 ms (FindLiveObjects: 0.109400 ms CreateObjectMapping: 0.031800 ms MarkObjects: 1.228100 ms  DeleteObjects: 0.010900 ms)

AssetImportParameters requested are different than current active one (requested -> active):
  custom:graphics/normal-map-encoding: 01000000000000000000000000000000 -> 02000000000000000000000000000000
========================================================================
Received Prepare
Registering precompiled user dll's ...
Registered in 0.000585 seconds.
Begin MonoManager ReloadAssembly
Native extension for WindowsStandalone target not found
Native extension for WebGL target not found
Refreshing native plugins compatible for Editor in 0.18 ms, found 0 plugins.
Preloading 0 native plugins for Editor in 0.00 ms.
Mono: successfully reloaded assembly
- Completed reload, in  0.721 seconds
Platform modules already initialized, skipping
Switching build target platform(19) subTarget(0) extendedPlatform(0) -> platform(13) subTarget(537395200) extendedPlatform(0)
Refreshing native plugins compatible for Editor in 0.19 ms, found 0 plugins.
Preloading 0 native plugins for Editor in 0.00 ms.
Unloading 1123 Unused Serialized files (Serialized files now loaded: 0)
System memory in use before: 60.3 MB.
System memory in use after: 60.4 MB.

Unloading 4 unused Assets to reduce memory usage. Loaded Objects now: 1582.
Total: 1.322100 ms (FindLiveObjects: 0.137300 ms CreateObjectMapping: 0.039600 ms MarkObjects: 1.131700 ms  DeleteObjects: 0.012400 ms)

AssetImportParameters requested are different than current active one (requested -> active):
  custom:graphics/normal-map-encoding: 01000000000000000000000000000000 -> 02000000000000000000000000000000
AssetImportWorkerClient::OnTransportError - code=2 error=End of file
